<?xml version="1.0" encoding="UTF-8"?>
<robot generator="Robot 5.0 (Python 3.10.5 on win32)" generated="20220907 15:53:26.297" rpa="false" schemaversion="3">
<suite id="s1" name="Test" source="C:\Users\user\Desktop\Robot Framework\Demo\Test\test.robot">
<test id="s1-t1" name="LoginTest" line="16">
<kw name="Open Browser" library="SeleniumLibrary">
<arg>${url}</arg>
<arg>${browser}</arg>
<doc>Opens a new browser instance to the optional ``url``.</doc>
<msg timestamp="20220907 15:53:26.589" level="INFO">Opening browser 'chrome' to base url 'https://opensource-demo.orangehrmlive.com/'.</msg>
<status status="PASS" starttime="20220907 15:53:26.589" endtime="20220907 15:53:31.577"/>
</kw>
<kw name="LoginToApplication">
<kw name="Maximize Browser Window" library="SeleniumLibrary">
<doc>Maximizes current browser window.</doc>
<status status="PASS" starttime="20220907 15:53:31.578" endtime="20220907 15:53:31.708"/>
</kw>
<kw name="Set Selenium Speed" library="SeleniumLibrary">
<arg>0.5seconds</arg>
<doc>Sets the delay that is waited after each Selenium command.</doc>
<status status="PASS" starttime="20220907 15:53:31.708" endtime="20220907 15:53:31.708"/>
</kw>
<kw name="Title Should Be" library="SeleniumLibrary">
<arg>OrangeHRM</arg>
<doc>Verifies that the current page title equals ``title``.</doc>
<msg timestamp="20220907 15:53:32.219" level="INFO">Page title is 'OrangeHRM'.</msg>
<status status="PASS" starttime="20220907 15:53:31.708" endtime="20220907 15:53:32.219"/>
</kw>
<kw name="Input Text" library="SeleniumLibrary">
<arg>${usernamefield}</arg>
<arg>${username}</arg>
<doc>Types the given ``text`` into the text field identified by ``locator``.</doc>
<msg timestamp="20220907 15:53:32.219" level="INFO">Typing text 'Admin' into text field 'name:username'.</msg>
<status status="PASS" starttime="20220907 15:53:32.219" endtime="20220907 15:53:33.859"/>
</kw>
<kw name="Input Text" library="SeleniumLibrary">
<arg>${passwordfield}</arg>
<arg>${password}</arg>
<doc>Types the given ``text`` into the text field identified by ``locator``.</doc>
<msg timestamp="20220907 15:53:33.861" level="INFO">Typing text 'admin123' into text field 'name:password'.</msg>
<status status="PASS" starttime="20220907 15:53:33.859" endtime="20220907 15:53:35.532"/>
</kw>
<kw name="Click Element" library="SeleniumLibrary">
<arg>${loginbtn}</arg>
<doc>Click the element identified by ``locator``.</doc>
<msg timestamp="20220907 15:53:35.532" level="INFO">Clicking element 'xpath://button[@class='oxd-button oxd-button--medium oxd-button--main orangehrm-login-button']'.</msg>
<status status="PASS" starttime="20220907 15:53:35.532" endtime="20220907 15:53:36.617"/>
</kw>
<status status="PASS" starttime="20220907 15:53:31.578" endtime="20220907 15:53:36.617"/>
</kw>
<kw name="Close Browser" library="SeleniumLibrary">
<doc>Closes the current browser.</doc>
<status status="PASS" starttime="20220907 15:53:36.618" endtime="20220907 15:53:39.808"/>
</kw>
<status status="PASS" starttime="20220907 15:53:26.587" endtime="20220907 15:53:39.811"/>
</test>
<status status="PASS" starttime="20220907 15:53:26.299" endtime="20220907 15:53:39.819"/>
</suite>
<statistics>
<total>
<stat pass="1" fail="0" skip="0">All Tests</stat>
</total>
<tag>
</tag>
<suite>
<stat pass="1" fail="0" skip="0" id="s1" name="Test">Test</stat>
</suite>
</statistics>
<errors>
</errors>
</robot>
