<?xml version="1.0" encoding="UTF-8"?>
<robot generator="Robot 5.0 (Python 3.10.5 on win32)" generated="20220913 21:39:27.576" rpa="false" schemaversion="3">
<suite id="s1" name="Test1" source="C:\Users\user\Desktop\Robot Framework\Flipcart\Test\Test1.robot">
<test id="s1-t1" name="@task1" line="6">
<kw name="Set Selenium Speed" library="SeleniumLibrary">
<arg>2seconds</arg>
<doc>Sets the delay that is waited after each Selenium command.</doc>
<status status="PASS" starttime="20220913 21:39:28.113" endtime="20220913 21:39:28.113"/>
</kw>
<kw name="Open Flipkart">
<kw name="Open Browser" library="SeleniumLibrary">
<arg>${url}</arg>
<arg>${browser}</arg>
<doc>Opens a new browser instance to the optional ``url``.</doc>
<msg timestamp="20220913 21:39:28.115" level="INFO">Opening browser 'chrome' to base url 'https://www.flipkart.com'.</msg>
<status status="PASS" starttime="20220913 21:39:28.114" endtime="20220913 21:40:27.963"/>
</kw>
<kw name="Maximize Browser Window" library="SeleniumLibrary">
<doc>Maximizes current browser window.</doc>
<status status="PASS" starttime="20220913 21:40:27.963" endtime="20220913 21:40:30.116"/>
</kw>
<kw name="Sleep" library="BuiltIn">
<arg>3s</arg>
<doc>Pauses the test executed for the given time.</doc>
<msg timestamp="20220913 21:40:33.124" level="INFO">Slept 3 seconds</msg>
<status status="PASS" starttime="20220913 21:40:30.116" endtime="20220913 21:40:33.124"/>
</kw>
<kw name="Click Element" library="SeleniumLibrary">
<arg>xpath://button[@class='_2KpZ6l _2doB4z']</arg>
<doc>Click the element identified by ``locator``.</doc>
<msg timestamp="20220913 21:40:33.125" level="INFO">Clicking element 'xpath://button[@class='_2KpZ6l _2doB4z']'.</msg>
<status status="PASS" starttime="20220913 21:40:33.124" endtime="20220913 21:40:37.286"/>
</kw>
<status status="PASS" starttime="20220913 21:39:28.114" endtime="20220913 21:40:37.286"/>
</kw>
<kw name="Search for any of your desired Mobile from ‘Mobiles’ section">
<kw name="Click Element" library="SeleniumLibrary">
<arg>${Mobiles}</arg>
<doc>Click the element identified by ``locator``.</doc>
<msg timestamp="20220913 21:40:37.290" level="INFO">Clicking element 'xpath://div[@class="_37M3Pb"]/div[3]'.</msg>
<status status="PASS" starttime="20220913 21:40:37.289" endtime="20220913 21:40:41.417"/>
</kw>
<kw name="Click Element" library="SeleniumLibrary">
<arg>${Realme}</arg>
<doc>Click the element identified by ``locator``.</doc>
<msg timestamp="20220913 21:40:41.418" level="INFO">Clicking element 'xpath:(//div[@class="_HYyiu"])[1]'.</msg>
<status status="PASS" starttime="20220913 21:40:41.417" endtime="20220913 21:40:45.535"/>
</kw>
<kw name="Sleep" library="BuiltIn">
<arg>3s</arg>
<doc>Pauses the test executed for the given time.</doc>
<msg timestamp="20220913 21:40:48.540" level="INFO">Slept 3 seconds</msg>
<status status="PASS" starttime="20220913 21:40:45.535" endtime="20220913 21:40:48.540"/>
</kw>
<kw name="Scroll Element Into View" library="SeleniumLibrary">
<arg>${Mobile}</arg>
<doc>Scrolls the element identified by ``locator`` into view.</doc>
<status status="PASS" starttime="20220913 21:40:48.540" endtime="20220913 21:40:52.902"/>
</kw>
<kw name="Set Veriable">
<var>${name}</var>
<arg>Get Text</arg>
<arg>xpath=(//div[@class="_4rR01T"])[6]</arg>
<msg timestamp="20220913 21:40:52.917" level="FAIL">No keyword with name 'Set Veriable' found. Did you mean:
    BuiltIn.Set Variable
    BuiltIn.Set Variable If</msg>
<status status="FAIL" starttime="20220913 21:40:52.917" endtime="20220913 21:40:52.917"/>
</kw>
<kw name="Log To Console" library="BuiltIn">
<arg>${name}</arg>
<doc>Logs the given message to the console.</doc>
<status status="NOT RUN" starttime="20220913 21:40:52.919" endtime="20220913 21:40:52.920"/>
</kw>
<kw name="Click Element" library="SeleniumLibrary">
<arg>${Mobile}</arg>
<doc>Click the element identified by ``locator``.</doc>
<status status="NOT RUN" starttime="20220913 21:40:52.920" endtime="20220913 21:40:52.920"/>
</kw>
<kw name="Sleep" library="BuiltIn">
<arg>3s</arg>
<doc>Pauses the test executed for the given time.</doc>
<status status="NOT RUN" starttime="20220913 21:40:52.920" endtime="20220913 21:40:52.920"/>
</kw>
<kw name="Switch Window" library="SeleniumLibrary">
<arg>locator=NEW</arg>
<doc>Switches to browser window matching ``locator``.</doc>
<status status="NOT RUN" starttime="20220913 21:40:52.921" endtime="20220913 21:40:52.921"/>
</kw>
<status status="FAIL" starttime="20220913 21:40:37.288" endtime="20220913 21:40:52.922"/>
</kw>
<kw name="Click on ADD TO CART button">
<status status="NOT RUN" starttime="20220913 21:40:52.924" endtime="20220913 21:40:52.924"/>
</kw>
<status status="FAIL" starttime="20220913 21:39:28.111" endtime="20220913 21:40:52.926">No keyword with name 'Set Veriable' found. Did you mean:
    BuiltIn.Set Variable
    BuiltIn.Set Variable If</status>
</test>
<test id="s1-t2" name="@task2" line="12">
<kw name="Switch Window" library="SeleniumLibrary">
<doc>Switches to browser window matching ``locator``.</doc>
<status status="PASS" starttime="20220913 21:40:52.933" endtime="20220913 21:40:58.978"/>
</kw>
<kw name="Go to Cart">
<kw name="Click Element" library="SeleniumLibrary">
<arg>${cart}</arg>
<doc>Click the element identified by ``locator``.</doc>
<msg timestamp="20220913 21:40:58.981" level="INFO">Clicking element 'xpath:(//div[@class="go_DOp"])[3]'.</msg>
<status status="PASS" starttime="20220913 21:40:58.980" endtime="20220913 21:41:03.096"/>
</kw>
<kw name="Sleep" library="BuiltIn">
<arg>3s</arg>
<doc>Pauses the test executed for the given time.</doc>
<msg timestamp="20220913 21:41:06.105" level="INFO">Slept 3 seconds</msg>
<status status="PASS" starttime="20220913 21:41:03.096" endtime="20220913 21:41:06.105"/>
</kw>
<status status="PASS" starttime="20220913 21:40:58.979" endtime="20220913 21:41:06.106"/>
</kw>
<kw name="Page Should Contain" library="SeleniumLibrary">
<arg>${name}</arg>
<doc>Verifies that current page contains ``text``.</doc>
<msg timestamp="20220913 21:41:06.110" level="FAIL">Variable '${name}' not found. Did you mean:
    ${TEST_NAME}</msg>
<status status="FAIL" starttime="20220913 21:41:06.107" endtime="20220913 21:41:06.110"/>
</kw>
<status status="FAIL" starttime="20220913 21:40:52.931" endtime="20220913 21:41:06.112">Variable '${name}' not found. Did you mean:
    ${TEST_NAME}</status>
</test>
<status status="FAIL" starttime="20220913 21:39:27.581" endtime="20220913 21:41:06.117"/>
</suite>
<statistics>
<total>
<stat pass="0" fail="2" skip="0">All Tests</stat>
</total>
<tag>
</tag>
<suite>
<stat pass="0" fail="2" skip="0" id="s1" name="Test1">Test1</stat>
</suite>
</statistics>
<errors>
</errors>
</robot>
